

Version:	3.50
CmdLine:	E:\Grado Superior\Curso_25-26_2\Desarrollo de interfaces\Tema 3\Ejercicios\Repaso\Ejercicio 3\EJercicio 3 David Borja.exe --l4j-debug
JNI:		No
WOW64:		Yes
Working dir:	E:\Grado Superior\Curso_25-26_2\Desarrollo de interfaces\Tema 3\Ejercicios\Repaso\Ejercicio 3\.
Requires JDK:	No
Requires 64-Bit: No
Java min ver:	
Java max ver:	
Substitute:	JAVA_HOME = 
Substitute:	PATH = C:\Program Files (x86)\VMware\VMware Workstation\bin\;C:\Program Files\Common Files\Oracle\Java\javapath;C:\Program Files\Python312\Scripts\;C:\Program Files\Python312\;C:\WINDOWS\system32;C:\WINDOWS;C:\WINDOWS\System32\Wbem;C:\WINDOWS\System32\WindowsPowerShell\v1.0\;C:\WINDOWS\System32\OpenSSH\;C:\Program Files\Git\cmd;C:\Program Files (x86)\Gpg4win\..\GnuPG\bin;C:\Program Files\WinGet\Links;C:\Program Files\Microsoft VS Code\bin;C:\Program Files\WinGet\Packages\Bruno.Bruno_Microsoft.Winget.Source_8wekyb3d8bbwe;C:\Program Files\nodejs\;C:\ProgramData\chocolatey\bin;C:\Users\dam2\AppData\Local\Microsoft\WindowsApps;C:\developer\flutter\bin;C:\Users\dam2\AppData\Local\Programs\Antigravity\bin;C:\Program Files\Java\jdk-21\bin
JRE paths:	;C:\Program Files (x86)\VMware\VMware Workstation\bin\;C:\Program Files\Common Files\Oracle\Java\javapath;C:\Program Files\Python312\Scripts\;C:\Program Files\Python312\;C:\WINDOWS\system32;C:\WINDOWS;C:\WINDOWS\System32\Wbem;C:\WINDOWS\System32\WindowsPowerShell\v1.0\;C:\WINDOWS\System32\OpenSSH\;C:\Program Files\Git\cmd;C:\Program Files (x86)\Gpg4win\..\GnuPG\bin;C:\Program Files\WinGet\Links;C:\Program Files\Microsoft VS Code\bin;C:\Program Files\WinGet\Packages\Bruno.Bruno_Microsoft.Winget.Source_8wekyb3d8bbwe;C:\Program Files\nodejs\;C:\ProgramData\chocolatey\bin;C:\Users\dam2\AppData\Local\Microsoft\WindowsApps;C:\developer\flutter\bin;C:\Users\dam2\AppData\Local\Programs\Antigravity\bin;C:\Program Files\Java\jdk-21\bin
Check launcher:	C:\Program Files (x86)\VMware\VMware Workstation\bin\bin\javaw.exe (not found)
Check launcher:	C:\Program Files\Common Files\Oracle\Java\javapath\bin\javaw.exe (not found)
Check launcher:	C:\Program Files\Python312\Scripts\bin\javaw.exe (not found)
Check launcher:	C:\Program Files\Python312\bin\javaw.exe (not found)
Check launcher:	C:\WINDOWS\system32\bin\javaw.exe (not found)
Check launcher:	C:\WINDOWS\bin\javaw.exe (not found)
Check launcher:	C:\WINDOWS\System32\Wbem\bin\javaw.exe (not found)
Check launcher:	C:\WINDOWS\System32\WindowsPowerShell\v1.0\bin\javaw.exe (not found)
Check launcher:	C:\WINDOWS\System32\OpenSSH\bin\javaw.exe (not found)
Check launcher:	C:\Program Files\Git\cmd\bin\javaw.exe (not found)
Check launcher:	C:\Program Files (x86)\Gpg4win\..\GnuPG\bin\javaw.exe (not found)
Check launcher:	C:\Program Files\WinGet\Links\bin\javaw.exe (not found)
Check launcher:	C:\Program Files\Microsoft VS Code\bin\javaw.exe (not found)
Check launcher:	C:\Program Files\WinGet\Packages\Bruno.Bruno_Microsoft.Winget.Source_8wekyb3d8bbwe\bin\javaw.exe (not found)
Check launcher:	C:\Program Files\nodejs\bin\javaw.exe (not found)
Check launcher:	C:\ProgramData\chocolatey\bin\javaw.exe (not found)
Check launcher:	C:\Users\dam2\AppData\Local\Microsoft\WindowsApps\bin\javaw.exe (not found)
Check launcher:	C:\developer\flutter\bin\javaw.exe (not found)
Check launcher:	C:\Users\dam2\AppData\Local\Programs\Antigravity\bin\javaw.exe (not found)
Check launcher:	C:\Program Files\Java\jdk-21\bin\javaw.exe (OK)
Version string: 1.021.000_007 / 64-Bit (OK)
Launcher:	C:\Program Files\Java\jdk-21\bin\javaw.exe
Launcher args:	-jar "E:\Grado Superior\Curso_25-26_2\Desarrollo de interfaces\Tema 3\Ejercicios\Repaso\Ejercicio 3\EJercicio 3 David Borja.exe"
Args length:	128/32768 chars
Exit code:	0


Version:	3.50
CmdLine:	E:\Grado Superior\Curso_25-26_2\Desarrollo de interfaces\Tema 3\Ejercicios\Repaso\Ejercicio 3\Ejercicio nuevo.exe --l4j-debug
JNI:		No
WOW64:		Yes
Working dir:	E:\Grado Superior\Curso_25-26_2\Desarrollo de interfaces\Tema 3\Ejercicios\Repaso\Ejercicio 3\.
Requires JDK:	No
Requires 64-Bit: No
Java min ver:	
Java max ver:	
Substitute:	JAVA_HOME = 
Substitute:	PATH = C:\Program Files (x86)\VMware\VMware Workstation\bin\;C:\Program Files\Common Files\Oracle\Java\javapath;C:\Program Files\Python312\Scripts\;C:\Program Files\Python312\;C:\WINDOWS\system32;C:\WINDOWS;C:\WINDOWS\System32\Wbem;C:\WINDOWS\System32\WindowsPowerShell\v1.0\;C:\WINDOWS\System32\OpenSSH\;C:\Program Files\Git\cmd;C:\Program Files (x86)\Gpg4win\..\GnuPG\bin;C:\Program Files\WinGet\Links;C:\Program Files\Microsoft VS Code\bin;C:\Program Files\WinGet\Packages\Bruno.Bruno_Microsoft.Winget.Source_8wekyb3d8bbwe;C:\Program Files\nodejs\;C:\ProgramData\chocolatey\bin;C:\Users\dam2\AppData\Local\Microsoft\WindowsApps;C:\developer\flutter\bin;C:\Users\dam2\AppData\Local\Programs\Antigravity\bin;C:\Program Files\Java\jdk-21\bin
JRE paths:	;C:\Program Files (x86)\VMware\VMware Workstation\bin\;C:\Program Files\Common Files\Oracle\Java\javapath;C:\Program Files\Python312\Scripts\;C:\Program Files\Python312\;C:\WINDOWS\system32;C:\WINDOWS;C:\WINDOWS\System32\Wbem;C:\WINDOWS\System32\WindowsPowerShell\v1.0\;C:\WINDOWS\System32\OpenSSH\;C:\Program Files\Git\cmd;C:\Program Files (x86)\Gpg4win\..\GnuPG\bin;C:\Program Files\WinGet\Links;C:\Program Files\Microsoft VS Code\bin;C:\Program Files\WinGet\Packages\Bruno.Bruno_Microsoft.Winget.Source_8wekyb3d8bbwe;C:\Program Files\nodejs\;C:\ProgramData\chocolatey\bin;C:\Users\dam2\AppData\Local\Microsoft\WindowsApps;C:\developer\flutter\bin;C:\Users\dam2\AppData\Local\Programs\Antigravity\bin;C:\Program Files\Java\jdk-21\bin
Check launcher:	C:\Program Files (x86)\VMware\VMware Workstation\bin\bin\javaw.exe (not found)
Check launcher:	C:\Program Files\Common Files\Oracle\Java\javapath\bin\javaw.exe (not found)
Check launcher:	C:\Program Files\Python312\Scripts\bin\javaw.exe (not found)
Check launcher:	C:\Program Files\Python312\bin\javaw.exe (not found)
Check launcher:	C:\WINDOWS\system32\bin\javaw.exe (not found)
Check launcher:	C:\WINDOWS\bin\javaw.exe (not found)
Check launcher:	C:\WINDOWS\System32\Wbem\bin\javaw.exe (not found)
Check launcher:	C:\WINDOWS\System32\WindowsPowerShell\v1.0\bin\javaw.exe (not found)
Check launcher:	C:\WINDOWS\System32\OpenSSH\bin\javaw.exe (not found)
Check launcher:	C:\Program Files\Git\cmd\bin\javaw.exe (not found)
Check launcher:	C:\Program Files (x86)\Gpg4win\..\GnuPG\bin\javaw.exe (not found)
Check launcher:	C:\Program Files\WinGet\Links\bin\javaw.exe (not found)
Check launcher:	C:\Program Files\Microsoft VS Code\bin\javaw.exe (not found)
Check launcher:	C:\Program Files\WinGet\Packages\Bruno.Bruno_Microsoft.Winget.Source_8wekyb3d8bbwe\bin\javaw.exe (not found)
Check launcher:	C:\Program Files\nodejs\bin\javaw.exe (not found)
Check launcher:	C:\ProgramData\chocolatey\bin\javaw.exe (not found)
Check launcher:	C:\Users\dam2\AppData\Local\Microsoft\WindowsApps\bin\javaw.exe (not found)
Check launcher:	C:\developer\flutter\bin\javaw.exe (not found)
Check launcher:	C:\Users\dam2\AppData\Local\Programs\Antigravity\bin\javaw.exe (not found)
Check launcher:	C:\Program Files\Java\jdk-21\bin\javaw.exe (OK)
Version string: 1.021.000_007 / 64-Bit (OK)
Launcher:	C:\Program Files\Java\jdk-21\bin\javaw.exe
Launcher args:	-jar "E:\Grado Superior\Curso_25-26_2\Desarrollo de interfaces\Tema 3\Ejercicios\Repaso\Ejercicio 3\Ejercicio nuevo.exe"
Args length:	120/32768 chars
Exit code:	0
